app/build/outputs/logs/manifest-merger-release-report.txt
-- Merging decision tree log ---
manifest
ADDED from src\main\AndroidManifest.xml:2:1-22:12
	package
		ADDED from src\main\AndroidManifest.xml:3:7-43
		INJECTED from src\main\AndroidManifest.xml
		INJECTED from src\main\AndroidManifest.xml
	android:versionName
		ADDED from src\main\AndroidManifest.xml:5:7-32
		INJECTED from src\main\AndroidManifest.xml
		INJECTED from src\main\AndroidManifest.xml
	android:versionCode
		ADDED from src\main\AndroidManifest.xml:4:7-30
		INJECTED from src\main\AndroidManifest.xml
		INJECTED from src\main\AndroidManifest.xml
	xmlns:android
		ADDED from src\main\AndroidManifest.xml:2:11-69
uses-sdk
ADDED from src\main\AndroidManifest.xml:6:5-44
	android:targetSdkVersion
		INJECTED from src\main\AndroidManifest.xml
		INJECTED from src\main\AndroidManifest.xml
	android:minSdkVersion
		ADDED from src\main\AndroidManifest.xml:6:15-41
		INJECTED from src\main\AndroidManifest.xml
		INJECTED from src\main\AndroidManifest.xml
application
ADDED from src\main\AndroidManifest.xml:8:5-21:19
	android:label
		ADDED from src\main\AndroidManifest.xml:8:48-80
	android:icon
		ADDED from src\main\AndroidManifest.xml:8:18-47
activity#com.android.dopewars.DopeWars
ADDED from src\main\AndroidManifest.xml:9:9-16:20
	android:screenOrientation
		ADDED from src\main\AndroidManifest.xml:11:19-55
	android:label
		ADDED from src\main\AndroidManifest.xml:10:19-51
	android:name
		ADDED from src\main\AndroidManifest.xml:9:19-63
intent-filter#android.intent.action.MAIN+android.intent.category.LAUNCHER
ADDED from src\main\AndroidManifest.xml:12:13-15:20
action#android.intent.action.MAIN
ADDED from src\main\AndroidManifest.xml:13:6-58
	android:name
		ADDED from src\main\AndroidManifest.xml:13:14-55
category#android.intent.category.LAUNCHER
ADDED from src\main\AndroidManifest.xml:14:6-66
	android:name
		ADDED from src\main\AndroidManifest.xml:14:16-63
activity#com.android.dopewars.Jet
ADDED from src\main\AndroidManifest.xml:18:3-20:14
	android:screenOrientation
		ADDED from src\main\AndroidManifest.xml:19:7-43
	android:name
		ADDED from src\main\AndroidManifest.xml:18:13-52